{"name": "test_password_limitations[chrome]", "status": "failed", "statusDetails": {"message": "AssertionError: assert 'Authentication failed.' == 'The acount was locked.'\n  - The acount was locked.\n  + Authentication failed.", "trace": "self = <test_security.TestSuiteSecurity object at 0x03BE0A30>\n\n    @pytest.mark.login_page\n    @pytest.mark.security_suite\n    def test_password_limitations(self):\n        self.driver.get(self.html_address_main_page)\n        self.driver.find_element_by_xpath(\n            '//*[@id=\"header\"]/div[2]/div/div/nav/div[1]/a').click()\n        time.sleep(2)  # page transition\n        email_area = self.driver.find_element_by_id('email')\n        email_area.send_keys(\"sarah_jon@yahoo.com\")\n        i = 10\n        while i > 0:\n            password_area = self.driver.find_element_by_id('passwd')\n            parola = \"parolaacunsa\"+str(i)\n            password_area.clear()\n            password_area.send_keys(parola)\n            self.driver.find_element_by_xpath(\n                '//*[@id=\"SubmitLogin\"]/span').click()\n            time.sleep(3)  # wait\n            i -= 1\n        time.sleep(10)  # wait\n        text = self.driver.find_element_by_xpath(\n            '//*[@id=\"center_column\"]/div[1]/ol/li').text\n>       assert text == \"The acount was locked.\"\nE       AssertionError: assert 'Authentication failed.' == 'The acount was locked.'\nE         - The acount was locked.\nE         + Authentication failed.\n\ntest_security.py:33: AssertionError"}, "parameters": [{"name": "driver_init", "value": "'chrome'"}], "start": 1587916292731, "stop": 1587916354767, "uuid": "ff9632f2-e7f9-4fe2-8e48-927ca17ffb65", "historyId": "020e885d4fedf87c9b6ffe71edc703fc", "testCaseId": "353be049136a958c1698cac2a3b300a3", "fullName": "test_framework.test_security.TestSuiteSecurity#test_password_limitations", "labels": [{"name": "tag", "value": "security_suite"}, {"name": "tag", "value": "login_page"}, {"name": "parentSuite", "value": "test_framework"}, {"name": "suite", "value": "test_security"}, {"name": "subSuite", "value": "TestSuiteSecurity"}, {"name": "host", "value": "Miha-NB"}, {"name": "thread", "value": "21628-MainThread"}, {"name": "framework", "value": "pytest"}, {"name": "language", "value": "cpython3"}, {"name": "package", "value": "test_framework.test_security"}]}